build/app/outputs/mapping/release/seeds.txt
kotlin.coroutines.AbstractCoroutineContextElement: kotlin.coroutines.CoroutineContext$Key getKey()
androidx.window.embedding.ActivityStack: boolean contains(android.app.Activity)
androidx.core.content.ContextCompat$Api28Impl: java.util.concurrent.Executor getMainExecutor(android.content.Context)
io.flutter.embedding.engine.FlutterJNI: boolean isCodePointEmojiModifier(int)
io.flutter.view.AccessibilityBridge$AccessibilityFeature: io.flutter.view.AccessibilityBridge$AccessibilityFeature valueOf(java.lang.String)
io.flutter.embedding.android.FlutterView: io.flutter.embedding.android.FlutterImageView getCurrentImageSurface()
androidx.window.layout.SidecarCompat$FirstAttachAdapter: SidecarCompat$FirstAttachAdapter(androidx.window.layout.SidecarCompat,android.app.Activity)
io.flutter.embedding.engine.FlutterJNI: void onSurfaceWindowChanged(android.view.Surface)
androidx.window.embedding.SplitController$Companion: SplitController$Companion(kotlin.jvm.internal.DefaultConstructorMarker)
androidx.window.embedding.EmbeddingCompat: EmbeddingCompat(androidx.window.extensions.embedding.ActivityEmbeddingComponent,androidx.window.embedding.EmbeddingAdapter)
androidx.window.embedding.EmbeddingBackend: void registerRule(androidx.window.embedding.EmbeddingRule)
androidx.window.layout.SidecarCompat$registerConfigurationChangeListener$configChangeObserver$1: void onConfigurationChanged(android.content.res.Configuration)
androidx.window.layout.FoldingFeature$Orientation$Companion: FoldingFeature$Orientation$Companion()
io.flutter.embedding.engine.mutatorsstack.FlutterMutatorsStack: java.util.List getMutators()
kotlin.jvm.internal.CallableReference: kotlin.reflect.KDeclarationContainer getOwner()
io.flutter.embedding.engine.systemchannels.SettingsChannel$PlatformBrightness: io.flutter.embedding.engine.systemchannels.SettingsChannel$PlatformBrightness[] values()
androidx.window.core.Version: androidx.window.core.Version access$getVERSION_1_0$cp()
io.flutter.embedding.engine.systemchannels.PlatformChannel$HapticFeedbackType: io.flutter.embedding.engine.systemchannels.PlatformChannel$HapticFeedbackType[] values()
androidx.window.layout.SidecarCompat$FirstAttachAdapter: void onViewDetachedFromWindow(android.view.View)
androidx.window.core.Bounds: int hashCode()
androidx.window.embedding.EmbeddingAdapter: boolean translateActivityIntentPredicates$lambda-3(androidx.window.embedding.EmbeddingAdapter,java.util.Set,android.util.Pair)
androidx.window.layout.WindowMetricsCalculator$Companion$decorator$1: androidx.window.layout.WindowMetricsCalculator invoke(androidx.window.layout.WindowMetricsCalculator)
kotlin.coroutines.jvm.internal.BaseContinuationImpl: kotlin.coroutines.Continuation create(kotlin.coroutines.Continuation)
androidx.window.embedding.SplitController$Companion: SplitController$Companion()
io.flutter.plugin.editing.TextInputPlugin: void onProvideAutofillVirtualStructure(android.view.ViewStructure,int)
io.flutter.plugin.platform.SingleViewPresentation: SingleViewPresentation(android.content.Context,android.view.Display,io.flutter.plugin.platform.PlatformView,io.flutter.plugin.platform.AccessibilityEventsDelegate,int,java.lang.Object,android.view.View$OnFocusChangeListener)
androidx.window.layout.HardwareFoldingFeature$Type: androidx.window.layout.HardwareFoldingFeature$Type access$getHINGE$cp()
io.flutter.embedding.engine.FlutterJNI: void nativeMarkTextureFrameAvailable(long,long)
androidx.window.layout.WindowMetrics: android.graphics.Rect getBounds()
androidx.window.layout.SidecarWindowBackend$WindowLayoutChangeCallbackWrapper: void setLastInfo(androidx.window.layout.WindowLayoutInfo)
androidx.window.layout.HardwareFoldingFeature$Type$Companion: androidx.window.layout.HardwareFoldingFeature$Type getHINGE()
kotlin.coroutines.jvm.internal.BaseContinuationImpl: java.lang.Object invokeSuspend(java.lang.Object)
io.flutter.embedding.android.FlutterImageView: android.media.ImageReader getImageReader()