build/app/outputs/mapping/release/mapping.txt
# compiler: R8
# compiler_version: 3.2.47
# min_api: 16
# common_typos_disable
# {"id":"com.android.tools.r8.mapping","version":"2.0"}
# pg_map_id: 37bb8dc
# pg_map_hash: SHA-256 37bb8dc3b5cdbfa92129bc1926972ec6c3dd640b7e09bf65f5015d10df66e087
...
io.flutter.embedding.engine.mutatorsstack.FlutterMutatorsStack$FlutterMutatorType -> io.flutter.embedding.engine.mutatorsstack.FlutterMutatorsStack$b:
    io.flutter.embedding.engine.mutatorsstack.FlutterMutatorsStack$FlutterMutatorType OPACITY -> h
    io.flutter.embedding.engine.mutatorsstack.FlutterMutatorsStack$FlutterMutatorType[] $VALUES -> i
    io.flutter.embedding.engine.mutatorsstack.FlutterMutatorsStack$FlutterMutatorType CLIP_RECT -> d
    io.flutter.embedding.engine.mutatorsstack.FlutterMutatorsStack$FlutterMutatorType CLIP_RRECT -> e
    io.flutter.embedding.engine.mutatorsstack.FlutterMutatorsStack$FlutterMutatorType CLIP_PATH -> f
    io.flutter.embedding.engine.mutatorsstack.FlutterMutatorsStack$FlutterMutatorType TRANSFORM -> g
io.flutter.embedding.engine.plugins.FlutterPlugin -> n.a:
    void onDetachedFromEngine(io.flutter.embedding.engine.plugins.FlutterPlugin$FlutterPluginBinding) -> f
    void onAttachedToEngine(io.flutter.embedding.engine.plugins.FlutterPlugin$FlutterPluginBinding) -> h
io.flutter.embedding.engine.plugins.FlutterPlugin$FlutterAssets -> n.a$a:
io.flutter.embedding.engine.plugins.FlutterPlugin$FlutterPluginBinding -> n.a$b:
    android.content.Context applicationContext -> a
    io.flutter.plugin.platform.PlatformViewRegistry platformViewRegistry -> e
    io.flutter.view.TextureRegistry textureRegistry -> d
    io.flutter.embedding.engine.FlutterEngine flutterEngine -> b
    io.flutter.embedding.engine.plugins.FlutterPlugin$FlutterAssets flutterAssets -> f
    io.flutter.plugin.common.BinaryMessenger binaryMessenger -> c
    android.content.Context getApplicationContext() -> a
    io.flutter.plugin.common.BinaryMessenger getBinaryMessenger() -> b
io.flutter.embedding.engine.plugins.PluginRegistry -> n.b:
    void add(io.flutter.embedding.engine.plugins.FlutterPlugin) -> g
io.flutter.embedding.engine.plugins.activity.ActivityAware -> o.a:
    void onDetachedFromActivity() -> a
    void onAttachedToActivity(io.flutter.embedding.engine.plugins.activity.ActivityPluginBinding) -> b
    void onReattachedToActivityForConfigChanges(io.flutter.embedding.engine.plugins.activity.ActivityPluginBinding) -> c
    void onDetachedFromActivityForConfigChanges() -> d
io.flutter.embedding.engine.plugins.activity.ActivityControlSurface -> o.b:
    void onRestoreInstanceState(android.os.Bundle) -> a
    boolean onRequestPermissionsResult(int,java.lang.String[],int[]) -> b
    boolean onActivityResult(int,int,android.content.Intent) -> c
    void onNewIntent(android.content.Intent) -> d
    void onSaveInstanceState(android.os.Bundle) -> e
    void onUserLeaveHint() -> f
    void attachToActivity(io.flutter.embedding.android.ExclusiveAppComponent,androidx.lifecycle.Lifecycle) -> h
    void detachFromActivity() -> i
    void detachFromActivityForConfigChanges() -> j
io.flutter.embedding.engine.plugins.activity.ActivityPluginBinding -> o.c:
io.flutter.embedding.engine.plugins.activity.ActivityPluginBinding$OnSaveInstanceStateListener -> o.c$a:
    void onRestoreInstanceState(android.os.Bundle) -> a
    void onSaveInstanceState(android.os.Bundle) -> e
io.flutter.embedding.engine.plugins.broadcastreceiver.BroadcastReceiverAware -> p.a:
    void onDetachedFromBroadcastReceiver() -> a
    void onAttachedToBroadcastReceiver(io.flutter.embedding.engine.plugins.broadcastreceiver.BroadcastReceiverPluginBinding) -> b
io.flutter.embedding.engine.plugins.broadcastreceiver.BroadcastReceiverPluginBinding -> p.b:
io.flutter.embedding.engine.plugins.contentprovider.ContentProviderAware -> q.a:
    void onAttachedToContentProvider(io.flutter.embedding.engine.plugins.contentprovider.ContentProviderPluginBinding) -> a
    void onDetachedFromContentProvider() -> b
io.flutter.embedding.engine.plugins.contentprovider.ContentProviderPluginBinding -> q.b: