build/app/outputs/mapping/release/usage.txt
androidx.core.view.WindowInsetsCompat$Type
androidx.core.view.WindowInsetsCompat$TypeImpl30
androidx.core.view.WindowInsetsCompat
androidx.core.view.WindowInsetsControllerCompat$Impl20$1
androidx.core.view.WindowInsetsControllerCompat$Impl20:
    void addOnControllableInsetsChangedListener(androidx.core.view.WindowInsetsControllerCompat$OnControllableInsetsChangedListener)
    void controlWindowInsetsAnimation(int,long,android.view.animation.Interpolator,android.os.CancellationSignal,androidx.core.view.WindowInsetsAnimationControlListenerCompat)
    int getSystemBarsBehavior()
    void hide(int)
    private void hideForType(int)
    void removeOnControllableInsetsChangedListener(androidx.core.view.WindowInsetsControllerCompat$OnControllableInsetsChangedListener)
    void setSystemBarsBehavior(int)
    void show(int)
    private void showForType(int)
androidx.core.view.WindowInsetsControllerCompat$Impl23:
    public boolean isAppearanceLightStatusBars()
androidx.core.view.WindowInsetsControllerCompat$Impl26:
    public boolean isAppearanceLightNavigationBars()
androidx.core.view.WindowInsetsControllerCompat$Impl30$1
androidx.core.view.WindowInsetsControllerCompat$Impl30$2
androidx.core.view.WindowInsetsControllerCompat$Impl30:
    void addOnControllableInsetsChangedListener(androidx.core.view.WindowInsetsControllerCompat$OnControllableInsetsChangedListener)
    void controlWindowInsetsAnimation(int,long,android.view.animation.Interpolator,android.os.CancellationSignal,androidx.core.view.WindowInsetsAnimationControlListenerCompat)
    int getSystemBarsBehavior()
    void hide(int)
    public boolean isAppearanceLightNavigationBars()
    public boolean isAppearanceLightStatusBars()
    void removeOnControllableInsetsChangedListener(androidx.core.view.WindowInsetsControllerCompat$OnControllableInsetsChangedListener)
    void setSystemBarsBehavior(int)
    void show(int)
androidx.core.view.WindowInsetsControllerCompat$Impl:
    void addOnControllableInsetsChangedListener(androidx.core.view.WindowInsetsControllerCompat$OnControllableInsetsChangedListener)
    void controlWindowInsetsAnimation(int,long,android.view.animation.Interpolator,android.os.CancellationSignal,androidx.core.view.WindowInsetsAnimationControlListenerCompat)
    int getSystemBarsBehavior()
    void hide(int)
    public boolean isAppearanceLightNavigationBars()
    public boolean isAppearanceLightStatusBars()
    void removeOnControllableInsetsChangedListener(androidx.core.view.WindowInsetsControllerCompat$OnControllableInsetsChangedListener)
    void setSystemBarsBehavior(int)
    void show(int)
androidx.core.view.WindowInsetsControllerCompat$OnControllableInsetsChangedListener
androidx.core.view.WindowInsetsControllerCompat:
    public static final int BEHAVIOR_SHOW_BARS_BY_SWIPE
    public static final int BEHAVIOR_SHOW_BARS_BY_TOUCH
    public static final int BEHAVIOR_SHOW_TRANSIENT_BARS_BY_SWIPE
    private void <init>(android.view.WindowInsetsController)
    public void addOnControllableInsetsChangedListener(androidx.core.view.WindowInsetsControllerCompat$OnControllableInsetsChangedListener)
    public void controlWindowInsetsAnimation(int,long,android.view.animation.Interpolator,android.os.CancellationSignal,androidx.core.view.WindowInsetsAnimationControlListenerCompat)
    public int getSystemBarsBehavior()
    public void hide(int)
    public boolean isAppearanceLightNavigationBars()
    public boolean isAppearanceLightStatusBars()
    public void removeOnControllableInsetsChangedListener(androidx.core.view.WindowInsetsControllerCompat$OnControllableInsetsChangedListener)
    public void setSystemBarsBehavior(int)
    public void show(int)
    public static androidx.core.view.WindowInsetsControllerCompat toWindowInsetsControllerCompat(android.view.WindowInsetsController)
androidx.core.view.accessibility.AccessibilityClickableSpanCompat
androidx.core.view.accessibility.AccessibilityEventCompat$ContentChangeType